[23:13:32] [ServerMain/INFO]: [bootstrap] Running Java 21 (OpenJDK 64-Bit Server VM 21.0.7+6-Ubuntu-0ubuntu124.04; Ubuntu null) on Linux 6.8.0-1027-azure (amd64)
[23:13:32] [ServerMain/INFO]: [bootstrap] Loading Paper 1.21-130-master@b1b5d4c (2024-08-10T10:02:42Z) for Minecraft 1.21
[23:13:33] [ServerMain/INFO]: [PluginInitializerManager] Initializing plugins...
[23:13:33] [ServerMain/INFO]: [PluginInitializerManager] Initialized 0 plugins
[23:13:33] [Paper Plugin Remapper Thread - 1/INFO]: [ReobfServer] Remapping server...
[23:13:39] [ServerMain/INFO]: Environment: Environment[sessionHost=https://sessionserver.mojang.com, servicesHost=https://api.minecraftservices.com, name=PROD]
[23:13:39] [ServerMain/INFO]: Found new data pack file/bukkit, loading it automatically
[23:13:39] [ServerMain/INFO]: Found new data pack paper, loading it automatically
[23:13:41] [ServerMain/INFO]: No existing world data, creating new world
[23:13:42] [ServerMain/INFO]: Loaded 1290 recipes
[23:13:42] [ServerMain/INFO]: Loaded 1399 advancements
[23:13:42] [Paper Plugin Remapper Thread - 1/INFO]: [ReobfServer] Done remapping server in 9059ms.
[23:13:42] [Server thread/INFO]: Starting minecraft server version 1.21
[23:13:42] [Server thread/INFO]: Loading properties
[23:13:42] [Server thread/INFO]: This server is running Paper version 1.21-130-master@b1b5d4c (2024-08-10T10:02:42Z) (Implementing API version 1.21-R0.1-SNAPSHOT)
[23:13:43] [Server thread/INFO]: [spark] This server bundles the spark profiler. For more information please visit https://docs.papermc.io/paper/profiling
[23:13:43] [Server thread/INFO]: Server Ping Player Sample Count: 12
[23:13:43] [Server thread/INFO]: Using 4 threads for Netty based IO
[23:13:44] [Server thread/INFO]: [ChunkTaskScheduler] Chunk system is using 1 I/O threads, 1 worker threads, and population gen parallelism of 1 threads
[23:13:44] [Server thread/INFO]: Default game type: SURVIVAL
[23:13:44] [Server thread/INFO]: Generating keypair
[23:13:44] [Server thread/INFO]: Starting Minecraft server on *:25565
[23:13:44] [Server thread/INFO]: Using epoll channel type
[23:13:44] [Server thread/INFO]: Paper: Using libdeflate (Linux x86_64) compression from Velocity.
[23:13:44] [Server thread/INFO]: Paper: Using OpenSSL 3.0.x (Linux x86_64) cipher from Velocity.
[23:13:44] [Server thread/WARN]: **** SERVER IS RUNNING IN OFFLINE/INSECURE MODE!
[23:13:44] [Server thread/WARN]: The server will make no attempt to authenticate usernames. Beware.
[23:13:44] [Server thread/WARN]: While this makes the game possible to play without internet access, it also opens up the ability for hackers to connect with any username they choose.
[23:13:44] [Server thread/WARN]: To change this, set "online-mode" to "true" in the server.properties file.
[23:13:44] [Server thread/INFO]: Preparing level "world"
[23:13:54] [Server thread/INFO]: Preparing start region for dimension minecraft:overworld
[23:14:00] [Server thread/INFO]: Time elapsed: 5744 ms
[23:14:00] [Server thread/INFO]: Preparing start region for dimension minecraft:the_nether
[23:14:02] [Server thread/INFO]: Time elapsed: 1867 ms
[23:14:02] [Server thread/INFO]: Preparing start region for dimension minecraft:the_end
[23:14:02] [Server thread/INFO]: Time elapsed: 699 ms
[23:14:03] [Server thread/INFO]: [spark] Starting background profiler...
[23:14:03] [Server thread/INFO]: Done preparing level "world" (18.869s)
[23:14:03] [Server thread/INFO]: Running delayed init tasks
[23:14:03] [Server thread/INFO]: Done (31.326s)! For help, type "help"
[23:14:03] [Server thread/INFO]: *************************************************************************************
[23:14:03] [Server thread/INFO]: This is the first time you're starting this server.
[23:14:03] [Server thread/INFO]: It's recommended you read our 'Getting Started' documentation for guidance.
[23:14:03] [Server thread/INFO]: View this and more helpful information here: https://docs.papermc.io/paper/next-steps
[23:14:03] [Server thread/INFO]: *************************************************************************************
[23:14:03] [Server thread/INFO]: Timings Reset
[23:15:18] [User Authenticator #0/INFO]: UUID of player EmilioZpa is c92c72a5-519a-3b6d-b410-999f90a6f7bb
[23:15:20] [Server thread/INFO]: EmilioZpa joined the game
[23:15:20] [Server thread/INFO]: EmilioZpa[/127.141.7.63:40571] logged in with entity id 35 at ([world]-4.5, 72.0, -4.5)
[23:32:46] [Server thread/INFO]: EmilioZpa was slain by Zombie
